  Source.cpp
D:\zoho-cpp-task\Task 4 -12-07-2022\Creating process on another user account\Creating process on another user account\Source.cpp(94,10): warning C4477: 'printf' : format string '%i' requires an argument of type 'int', but variadic argument 1 has type 'HANDLE'
D:\zoho-cpp-task\Task 4 -12-07-2022\Creating process on another user account\Creating process on another user account\Source.cpp(94,10): warning C4313: 'printf': '%i' in format string conflicts with argument 1 of type 'HANDLE'
C:\Program Files\Microsoft Visual Studio\2022\Community\VC\Tools\MSVC\14.32.31326\include\xstring(2603,27): warning C4244: 'argument': conversion from 'wchar_t' to 'const _Elem', possible loss of data
          with
          [
              _Elem=char
          ]
D:\zoho-cpp-task\Task 4 -12-07-2022\Creating process on another user account\Creating process on another user account\Source.cpp(61): message : see reference to function template instantiation 'std::basic_string<char,std::char_traits<char>,std::allocator<char>>::basic_string<std::_String_iterator<std::_String_val<std::_Simple_types<_Elem>>>,0>(_Iter,_Iter,const _Alloc &)' being compiled
          with
          [
              _Elem=wchar_t,
              _Iter=std::_String_iterator<std::_String_val<std::_Simple_types<wchar_t>>>,
              _Alloc=std::allocator<char>
          ]
D:\zoho-cpp-task\Task 4 -12-07-2022\Creating process on another user account\Creating process on another user account\Source.cpp(61): message : see reference to function template instantiation 'std::basic_string<char,std::char_traits<char>,std::allocator<char>>::basic_string<std::_String_iterator<std::_String_val<std::_Simple_types<_Elem>>>,0>(_Iter,_Iter,const _Alloc &)' being compiled
          with
          [
              _Elem=wchar_t,
              _Iter=std::_String_iterator<std::_String_val<std::_Simple_types<wchar_t>>>,
              _Alloc=std::allocator<char>
          ]
  Creating process on another user account.vcxproj -> D:\zoho-cpp-task\Task 4 -12-07-2022\Creating process on another user account\x64\Debug\Creating process on another user account.exe
